<?xml version="1.0" encoding="UTF-8"?>
<!-- Generated by org.testng.reporters.JUnitReportReporter -->
<testsuite name="com.AutoFramewrok.testng.InvalidLogin" tests="1" time="12.275" ignored="0" failures="0" timestamp="13 Jul 2017 15:21:02 GMT" skipped="0" hostname="SAMHITS1" errors="0">
  <testcase name="testInvalidLogin" time="12.275" classname="com.AutoFramewrok.testng.InvalidLogin"/>
</testsuite> <!-- com.AutoFramewrok.testng.InvalidLogin -->
